<?xml version="1.0" encoding="UTF-8"?>
<beans xmlns="http://www.springframework.org/schema/beans"
       xmlns:xsi="http://www.w3.org/2001/XMLSchema-instance"
       xsi:schemaLocation="http://www.springframework.org/schema/beans
	   					   http://www.springframework.org/schema/beans/spring-beans.xsd">

    <import resource="test-applicationContext.xml"/>

    <bean id="flywayFactory" class="org.flywaydb.test.junit.FlywayHelperFactory" depends-on="dataSource"/>

    <bean id="flyway" class="org.flywaydb.core.Flyway" depends-on="dataSource" factory-bean="flywayFactory"
          factory-method="createFlyway">
        <property name="dataSource" ref="dataSource"/>
    </bean>

</beans>
