<?xml version="1.0" encoding="UTF-8"?>
<beans xmlns="http://www.springframework.org/schema/beans"
       xmlns:xsi="http://www.w3.org/2001/XMLSchema-instance"
       xmlns:jdbc="http://www.springframework.org/schema/jdbc" xmlns:tx="http://www.springframework.org/schema/tx"
       xsi:schemaLocation="http://www.springframework.org/schema/beans
	   					   http://www.springframework.org/schema/beans/spring-beans.xsd
	   					   http://www.springframework.org/schema/jdbc
                           http://www.springframework.org/schema/jdbc/spring-jdbc-4.1.xsd http://www.springframework.org/schema/tx http://www.springframework.org/schema/tx/spring-tx.xsd">

    <!--<tx:annotation-driven/>-->

    <!--<bean id="jdbcTransactionManager" class="org.springframework.jdbc.datasource.DataSourceTransactionManager">-->
        <!--<property name="dataSource" ref="dataSource"/>-->
    <!--</bean>-->

    <bean id="jdbcTemplate" class="org.springframework.jdbc.core.JdbcTemplate">
        <property name="dataSource" ref="dataSource"/>
    </bean>

    <bean id="dataSource" class="org.apache.commons.dbcp2.BasicDataSource" destroy-method="close">
        <property name="driverClassName" value="org.hsqldb.jdbcDriver"/>
        <property name="url" value="jdbc:hsqldb:mem:testdb;shutdown=true"/>
        <property name="username" value="sa"/>
        <property name="password" value=""/>
    </bean>

    <!--Spring creates an embedded HSQL database and makes it available to other beans-->
    <jdbc:embedded-database id="testdb" type="HSQL">
        <jdbc:script location="classpath:db/migration/hsqldb/V1__create_schema.sql"/>
        <jdbc:script location="insert-test-data.sql"/>
    </jdbc:embedded-database>

</beans>
