<?xml version="1.0" encoding="UTF-8"?>
<beans xmlns="http://www.springframework.org/schema/beans"
       xmlns:xsi="http://www.w3.org/2001/XMLSchema-instance"
       xmlns:jdbc="http://www.springframework.org/schema/jdbc"
       xsi:schemaLocation="http://www.springframework.org/schema/beans
	   					   http://www.springframework.org/schema/beans/spring-beans.xsd
	   					   http://www.springframework.org/schema/jdbc
                           http://www.springframework.org/schema/jdbc/spring-jdbc-4.1.xsd">

    <bean id="testDataSource" class="org.apache.commons.dbcp.BasicDataSource" destroy-method="close">
        <property name="driverClassName" value="org.hsqldb.jdbcDriver"/>
        <property name="url" value="jdbc:hsqldb:mem:test;shutdown=true"/>
        <property name="username" value="sa"/>
        <property name="password" value=""/>
    </bean>

    <!--<jdbc:embedded-database id="dataSource" type="HSQL">-->
        <!--<jdbc:script location="classpath:V1__create_schema.sql"/>-->
        <!--<jdbc:script location="insert-test-data.sql"/>-->
    <!--</jdbc:embedded-database>-->

</beans>
